➤ YN0000: · Yarn 4.15.0
➤ YN0000: ┌ Resolution step
➤ YN0085: │ + tsx@npm:4.23.0, @esbuild/aix-ppc64@npm:0.28.1, @esbuild/android-arm64@npm:0.28.1, @esbuild/android-arm@npm:0.28.1, @esbuild/android-x64@npm:0.28.1, and 45 more.
➤ YN0000: └ Completed in 0s 532ms
➤ YN0000: ┌ Fetch step
➤ YN0013: │ 24 packages were added to the project (+ 18.94 MiB).
➤ YN0000: └ Completed
➤ YN0000: ┌ Link step
➤ YN0004: │ esbuild@npm:0.28.1 lists build scripts, but all build scripts have been disabled.
➤ YN0000: └ Completed in 0s 757ms
➤ YN0000: · Done with warnings in 1s 342ms

◇ injected env (6) from .env.local,.env // tip: ⌘ multiple files { path: ['.env.local', '.env'] }
  [seed 0] 1/1000 games, 3 teacher calls, 44.1s elapsed
  [seed 0] 2/1000 games, 7 teacher calls, 100.5s elapsed
  [seed 0] 3/1000 games, 12 teacher calls, 156.4s elapsed
  [seed 0] 4/1000 games, 22 teacher calls, 263.8s elapsed
  [seed 0] 5/1000 games, 27 teacher calls, 335.8s elapsed
  [seed 0] 6/1000 games, 35 teacher calls, 429.2s elapsed
  [seed 0] 7/1000 games, 40 teacher calls, 1076.2s elapsed
  [seed 0] 8/1000 games, 45 teacher calls, 1146.3s elapsed
  [seed 0] 9/1000 games, 52 teacher calls, 1220.3s elapsed
  [seed 0] 10/1000 games, 59 teacher calls, 3240.5s elapsed
  [seed 0] 11/1000 games, 66 teacher calls, 3315.1s elapsed
  [seed 0] 12/1000 games, 76 teacher calls, 3443.2s elapsed
  [seed 0] 13/1000 games, 82 teacher calls, 3525.6s elapsed
  [seed 0] 14/1000 games, 91 teacher calls, 5543.9s elapsed
  [seed 0] 15/1000 games, 94 teacher calls, 5576.8s elapsed
  [seed 0] 16/1000 games, 98 teacher calls, 5630.0s elapsed
  [seed 0] 17/1000 games, 102 teacher calls, 5687.0s elapsed
  [seed 0] 18/1000 games, 103 teacher calls, 5709.9s elapsed
  [seed 0] 19/1000 games, 103 teacher calls, 5709.9s elapsed
  [seed 0] 20/1000 games, 106 teacher calls, 5754.1s elapsed
  [seed 0] 21/1000 games, 108 teacher calls, 5786.4s elapsed
  [seed 0] 22/1000 games, 110 teacher calls, 5815.7s elapsed
  [seed 0] 23/1000 games, 120 teacher calls, 5955.8s elapsed
  [seed 0] 24/1000 games, 122 teacher calls, 5992.1s elapsed
  [seed 0] 25/1000 games, 130 teacher calls, 6093.3s elapsed
  [seed 0] 26/1000 games, 130 teacher calls, 6093.3s elapsed
  [seed 0] 27/1000 games, 136 teacher calls, 6176.3s elapsed
  [seed 0] 28/1000 games, 138 teacher calls, 6208.5s elapsed
  [seed 0] 29/1000 games, 152 teacher calls, 6357.6s elapsed
  [seed 0] 30/1000 games, 159 teacher calls, 6435.3s elapsed
  [seed 0] 31/1000 games, 163 teacher calls, 6482.9s elapsed
  [seed 0] 32/1000 games, 164 teacher calls, 6491.0s elapsed
  [seed 0] 33/1000 games, 166 teacher calls, 6511.6s elapsed
  [seed 0] 34/1000 games, 173 teacher calls, 6597.4s elapsed
  [seed 0] 35/1000 games, 180 teacher calls, 6674.1s elapsed
  [seed 0] 36/1000 games, 191 teacher calls, 6795.0s elapsed
  [seed 0] 37/1000 games, 201 teacher calls, 6892.2s elapsed
  [seed 0] 38/1000 games, 206 teacher calls, 6962.6s elapsed
  [seed 0] 39/1000 games, 213 teacher calls, 7041.2s elapsed
  [seed 0] 40/1000 games, 218 teacher calls, 7102.0s elapsed
  [seed 0] 41/1000 games, 220 teacher calls, 7129.2s elapsed
  [seed 0] 42/1000 games, 228 teacher calls, 7224.5s elapsed
  [seed 0] 43/1000 games, 238 teacher calls, 9562.6s elapsed
  [seed 0] 44/1000 games, 243 teacher calls, 9625.7s elapsed
  [seed 0] 45/1000 games, 249 teacher calls, 9697.0s elapsed
  [seed 0] 46/1000 games, 257 teacher calls, 9791.1s elapsed
  [seed 0] 47/1000 games, 261 teacher calls, 9839.7s elapsed
  [seed 0] 48/1000 games, 268 teacher calls, 9920.2s elapsed
  [seed 0] 49/1000 games, 279 teacher calls, 10035.2s elapsed
  [seed 0] 50/1000 games, 283 teacher calls, 10075.0s elapsed
  [seed 0] 51/1000 games, 293 teacher calls, 11407.0s elapsed
  [seed 0] 52/1000 games, 296 teacher calls, 11429.1s elapsed
  [seed 0] 53/1000 games, 301 teacher calls, 11497.2s elapsed
  [seed 0] 54/1000 games, 305 teacher calls, 11552.9s elapsed
  [seed 0] 55/1000 games, 305 teacher calls, 11557.5s elapsed
  [seed 0] 56/1000 games, 313 teacher calls, 11655.0s elapsed
  [seed 0] 57/1000 games, 320 teacher calls, 11732.1s elapsed
  [seed 0] 58/1000 games, 329 teacher calls, 11829.9s elapsed
  [seed 0] 59/1000 games, 333 teacher calls, 11877.8s elapsed
  [seed 0] 60/1000 games, 339 teacher calls, 11948.9s elapsed
  [seed 0] 61/1000 games, 343 teacher calls, 12004.9s elapsed
  [seed 0] 62/1000 games, 348 teacher calls, 12070.9s elapsed
  [seed 0] 63/1000 games, 354 teacher calls, 12142.8s elapsed
  [seed 0] 64/1000 games, 360 teacher calls, 12226.0s elapsed
  [seed 0] 65/1000 games, 366 teacher calls, 12291.9s elapsed
  [seed 0] 66/1000 games, 379 teacher calls, 12435.0s elapsed
  [seed 0] 67/1000 games, 383 teacher calls, 12492.9s elapsed
  [seed 0] 68/1000 games, 390 teacher calls, 12570.0s elapsed
  [seed 0] 69/1000 games, 396 teacher calls, 12643.4s elapsed
  [seed 0] 70/1000 games, 403 teacher calls, 12728.9s elapsed
  [seed 0] 71/1000 games, 406 teacher calls, 12771.7s elapsed
  [seed 0] 72/1000 games, 413 teacher calls, 12845.8s elapsed
  [seed 0] 73/1000 games, 415 teacher calls, 12869.4s elapsed
  [seed 0] 74/1000 games, 417 teacher calls, 12887.8s elapsed
  [seed 0] 75/1000 games, 425 teacher calls, 12976.9s elapsed
  [seed 0] 76/1000 games, 436 teacher calls, 13109.5s elapsed
  [seed 0] 77/1000 games, 443 teacher calls, 13190.1s elapsed
  [seed 0] 78/1000 games, 447 teacher calls, 13241.2s elapsed
  [seed 0] 79/1000 games, 448 teacher calls, 13251.3s elapsed
  [seed 0] 80/1000 games, 453 teacher calls, 13314.1s elapsed
  [seed 0] 81/1000 games, 454 teacher calls, 13328.3s elapsed
  [seed 0] 82/1000 games, 463 teacher calls, 13423.4s elapsed
  [seed 0] 83/1000 games, 467 teacher calls, 13510.4s elapsed
  [seed 0] 84/1000 games, 473 teacher calls, 13587.2s elapsed
  [seed 0] 85/1000 games, 474 teacher calls, 13602.4s elapsed
  [seed 0] 86/1000 games, 483 teacher calls, 13709.3s elapsed
  [seed 0] 87/1000 games, 484 teacher calls, 13720.9s elapsed
  [seed 0] 88/1000 games, 498 teacher calls, 15852.5s elapsed
  [seed 0] 89/1000 games, 503 teacher calls, 15912.4s elapsed
  [seed 0] 90/1000 games, 507 teacher calls, 15961.9s elapsed
  [seed 0] 91/1000 games, 519 teacher calls, 16082.5s elapsed
  [seed 0] 92/1000 games, 529 teacher calls, 16206.6s elapsed
  [seed 0] 93/1000 games, 537 teacher calls, 16292.2s elapsed
  [seed 0] 94/1000 games, 546 teacher calls, 16386.8s elapsed
  [seed 0] 95/1000 games, 549 teacher calls, 16418.7s elapsed
  [seed 0] 96/1000 games, 557 teacher calls, 16523.5s elapsed
  [seed 0] 97/1000 games, 566 teacher calls, 16652.2s elapsed
  [seed 0] 98/1000 games, 577 teacher calls, 16779.1s elapsed
  [seed 0] 99/1000 games, 582 teacher calls, 16844.0s elapsed
  [seed 0] 100/1000 games, 593 teacher calls, 16965.2s elapsed
  [seed 0] 101/1000 games, 601 teacher calls, 17069.6s elapsed
  [seed 0] 102/1000 games, 611 teacher calls, 17182.7s elapsed
  [seed 0] 103/1000 games, 611 teacher calls, 17182.7s elapsed
  [seed 0] 104/1000 games, 622 teacher calls, 17294.8s elapsed
  [seed 0] 105/1000 games, 624 teacher calls, 17320.5s elapsed
  [seed 0] 106/1000 games, 632 teacher calls, 17416.2s elapsed
  [seed 0] 107/1000 games, 637 teacher calls, 17474.0s elapsed
  [seed 0] 108/1000 games, 640 teacher calls, 17509.8s elapsed
  [seed 0] 109/1000 games, 651 teacher calls, 17630.9s elapsed
  [seed 0] 110/1000 games, 666 teacher calls, 19094.0s elapsed
  [seed 0] 111/1000 games, 679 teacher calls, 19230.7s elapsed
  [seed 0] 112/1000 games, 685 teacher calls, 19310.3s elapsed
  [seed 0] 113/1000 games, 687 teacher calls, 19342.7s elapsed
  [seed 0] 114/1000 games, 694 teacher calls, 19419.3s elapsed
  [seed 0] 115/1000 games, 700 teacher calls, 19510.8s elapsed
  [seed 0] 116/1000 games, 703 teacher calls, 19549.5s elapsed
  [seed 0] 117/1000 games, 709 teacher calls, 19630.4s elapsed
  [seed 0] 118/1000 games, 714 teacher calls, 19687.8s elapsed
  [seed 0] 119/1000 games, 723 teacher calls, 19807.6s elapsed
  [seed 0] 120/1000 games, 730 teacher calls, 19905.4s elapsed
  [seed 0] 121/1000 games, 735 teacher calls, 19966.1s elapsed
  [seed 0] 122/1000 games, 744 teacher calls, 20061.6s elapsed
  [seed 0] 123/1000 games, 750 teacher calls, 20145.1s elapsed
  [seed 0] 124/1000 games, 762 teacher calls, 20291.2s elapsed
  [seed 0] 125/1000 games, 768 teacher calls, 20363.4s elapsed
  [seed 0] 126/1000 games, 770 teacher calls, 20387.4s elapsed
  [seed 0] 127/1000 games, 777 teacher calls, 20476.9s elapsed
  [seed 0] 128/1000 games, 785 teacher calls, 20565.7s elapsed
  [seed 0] 129/1000 games, 787 teacher calls, 20592.2s elapsed
  [seed 0] 130/1000 games, 793 teacher calls, 20679.0s elapsed
  [seed 0] 131/1000 games, 799 teacher calls, 20748.9s elapsed
  [seed 0] 132/1000 games, 803 teacher calls, 20808.7s elapsed
  [seed 0] 133/1000 games, 807 teacher calls, 20851.0s elapsed
  [seed 0] 134/1000 games, 817 teacher calls, 20967.8s elapsed
  [seed 0] 135/1000 games, 823 teacher calls, 21036.6s elapsed
  [seed 0] 136/1000 games, 829 teacher calls, 21116.6s elapsed
  [seed 0] 137/1000 games, 831 teacher calls, 21143.9s elapsed
  [seed 0] 138/1000 games, 841 teacher calls, 21264.5s elapsed
  [seed 0] 139/1000 games, 853 teacher calls, 21385.2s elapsed
  [seed 0] 140/1000 games, 865 teacher calls, 21506.0s elapsed
  [seed 0] 141/1000 games, 874 teacher calls, 21625.9s elapsed
  [seed 0] 142/1000 games, 877 teacher calls, 21670.4s elapsed
  [seed 0] 143/1000 games, 885 teacher calls, 21776.6s elapsed
  [seed 0] 144/1000 games, 887 teacher calls, 21804.6s elapsed
  [seed 0] 145/1000 games, 888 teacher calls, 21813.0s elapsed
  [seed 0] 146/1000 games, 893 teacher calls, 21864.9s elapsed
  [seed 0] 147/1000 games, 908 teacher calls, 22004.9s elapsed
  [seed 0] 148/1000 games, 917 teacher calls, 22110.0s elapsed
  [seed 0] 149/1000 games, 925 teacher calls, 22209.0s elapsed
  [seed 0] 150/1000 games, 932 teacher calls, 22285.2s elapsed
  [seed 0] 151/1000 games, 938 teacher calls, 22358.3s elapsed
  [seed 0] 152/1000 games, 940 teacher calls, 22381.0s elapsed
  [seed 0] 153/1000 games, 948 teacher calls, 22476.9s elapsed
  [seed 0] 154/1000 games, 955 teacher calls, 22558.7s elapsed
  [seed 0] 155/1000 games, 957 teacher calls, 22591.8s elapsed
  [seed 0] 156/1000 games, 965 teacher calls, 22685.8s elapsed
  [seed 0] 157/1000 games, 971 teacher calls, 22758.2s elapsed
  [seed 0] 158/1000 games, 976 teacher calls, 22809.8s elapsed
  [seed 0] 159/1000 games, 981 teacher calls, 22876.0s elapsed
  [seed 0] 160/1000 games, 986 teacher calls, 22929.5s elapsed
  [seed 0] 161/1000 games, 987 teacher calls, 22941.4s elapsed
  [seed 0] 162/1000 games, 992 teacher calls, 23003.4s elapsed
  [seed 0] 163/1000 games, 996 teacher calls, 23043.6s elapsed
  [seed 0] 164/1000 games, 1003 teacher calls, 23119.5s elapsed
  [seed 0] 165/1000 games, 1009 teacher calls, 23190.7s elapsed
  [seed 0] 166/1000 games, 1017 teacher calls, 23281.7s elapsed
  [seed 0] 167/1000 games, 1021 teacher calls, 52983.6s elapsed
  [seed 0] 168/1000 games, 1026 teacher calls, 53051.2s elapsed
  [seed 0] 169/1000 games, 1033 teacher calls, 53139.6s elapsed
  [seed 0] 170/1000 games, 1033 teacher calls, 53142.0s elapsed
  [seed 0] 171/1000 games, 1039 teacher calls, 53223.9s elapsed
  [seed 0] 172/1000 games, 1044 teacher calls, 53290.7s elapsed
  [seed 0] 173/1000 games, 1054 teacher calls, 53412.2s elapsed
  [seed 0] 174/1000 games, 1059 teacher calls, 53479.1s elapsed
  [seed 0] 175/1000 games, 1067 teacher calls, 53572.2s elapsed
  [seed 0] 176/1000 games, 1078 teacher calls, 53698.3s elapsed
  [seed 0] 177/1000 games, 1085 teacher calls, 53777.2s elapsed
  [seed 0] 178/1000 games, 1091 teacher calls, 53846.3s elapsed
  [seed 0] 179/1000 games, 1093 teacher calls, 53869.0s elapsed
  [seed 0] 180/1000 games, 1099 teacher calls, 53954.0s elapsed
  [seed 0] 181/1000 games, 1109 teacher calls, 54101.8s elapsed
  [seed 0] 182/1000 games, 1122 teacher calls, 54254.5s elapsed
  [seed 0] 183/1000 games, 1128 teacher calls, 54341.6s elapsed
  [seed 0] 184/1000 games, 1131 teacher calls, 54392.1s elapsed
  [seed 0] 185/1000 games, 1136 teacher calls, 54460.3s elapsed
  [seed 0] 186/1000 games, 1140 teacher calls, 54505.8s elapsed
  [seed 0] 187/1000 games, 1146 teacher calls, 54588.2s elapsed
  [seed 0] 188/1000 games, 1148 teacher calls, 54606.9s elapsed
  [seed 0] 189/1000 games, 1156 teacher calls, 54713.0s elapsed
  [seed 0] 190/1000 games, 1157 teacher calls, 54728.7s elapsed
  [seed 0] 191/1000 games, 1166 teacher calls, 54831.4s elapsed
  [seed 0] 192/1000 games, 1167 teacher calls, 54841.6s elapsed
  [seed 0] 193/1000 games, 1180 teacher calls, 54994.7s elapsed
  [seed 0] 194/1000 games, 1187 teacher calls, 55084.6s elapsed
  [seed 0] 195/1000 games, 1194 teacher calls, 55177.3s elapsed
  [seed 0] 196/1000 games, 1198 teacher calls, 55219.5s elapsed
  [seed 0] 197/1000 games, 1201 teacher calls, 55397.5s elapsed
  [seed 0] 198/1000 games, 1207 teacher calls, 58105.4s elapsed
  [seed 0] 199/1000 games, 1208 teacher calls, 58118.9s elapsed
  [seed 0] 200/1000 games, 1212 teacher calls, 58184.6s elapsed
  [seed 0] 201/1000 games, 1221 teacher calls, 58300.6s elapsed
  [seed 0] 202/1000 games, 1227 teacher calls, 58377.0s elapsed
  [seed 0] 203/1000 games, 1243 teacher calls, 58545.2s elapsed
  [seed 0] 204/1000 games, 1253 teacher calls, 58668.2s elapsed
  [seed 0] 205/1000 games, 1258 teacher calls, 58734.6s elapsed
  [seed 0] 206/1000 games, 1263 teacher calls, 58799.8s elapsed
  [seed 0] 207/1000 games, 1271 teacher calls, 58901.3s elapsed
  [seed 0] 208/1000 games, 1277 teacher calls, 58993.8s elapsed
  [seed 0] 209/1000 games, 1282 teacher calls, 59070.1s elapsed
  [seed 0] 210/1000 games, 1285 teacher calls, 59112.0s elapsed
  [seed 0] 211/1000 games, 1295 teacher calls, 59240.1s elapsed
  [seed 0] 212/1000 games, 1303 teacher calls, 59350.8s elapsed
  [seed 0] 213/1000 games, 1309 teacher calls, 59433.4s elapsed
  [seed 0] 214/1000 games, 1312 teacher calls, 59482.9s elapsed
  [seed 0] 215/1000 games, 1320 teacher calls, 59605.6s elapsed
  [seed 0] 216/1000 games, 1326 teacher calls, 59682.9s elapsed
  [seed 0] 217/1000 games, 1334 teacher calls, 59793.5s elapsed
  [seed 0] 218/1000 games, 1343 teacher calls, 59914.7s elapsed
  [seed 0] 219/1000 games, 1347 teacher calls, 59966.0s elapsed
  [seed 0] 220/1000 games, 1350 teacher calls, 60013.9s elapsed
  [seed 0] 221/1000 games, 1358 teacher calls, 60122.3s elapsed
  [seed 0] 222/1000 games, 1367 teacher calls, 60248.5s elapsed
  [seed 0] 223/1000 games, 1371 teacher calls, 60301.0s elapsed
  [seed 0] 224/1000 games, 1378 teacher calls, 60389.9s elapsed
  [seed 0] 225/1000 games, 1382 teacher calls, 60440.5s elapsed
  [seed 0] 226/1000 games, 1386 teacher calls, 60506.8s elapsed
  [seed 0] 227/1000 games, 1394 teacher calls, 60608.4s elapsed
  [seed 0] 228/1000 games, 1400 teacher calls, 60694.0s elapsed
  [seed 0] 229/1000 games, 1411 teacher calls, 60816.2s elapsed
  [seed 0] 230/1000 games, 1415 teacher calls, 60855.7s elapsed
  [seed 0] 231/1000 games, 1417 teacher calls, 60884.7s elapsed
  [seed 0] 232/1000 games, 1423 teacher calls, 60955.4s elapsed
  [seed 0] 233/1000 games, 1428 teacher calls, 61025.8s elapsed
  [seed 0] 234/1000 games, 1429 teacher calls, 61043.4s elapsed
  [seed 0] 235/1000 games, 1432 teacher calls, 61075.1s elapsed
  [seed 0] 236/1000 games, 1440 teacher calls, 61175.6s elapsed
